[debug] [2023-09-29T18:20:36.652Z] ----------------------------------------------------------------------
[debug] [2023-09-29T18:20:36.653Z] Command:       /usr/local/bin/node /usr/local/bin/firebase init
[debug] [2023-09-29T18:20:36.654Z] CLI Version:   12.6.1
[debug] [2023-09-29T18:20:36.654Z] Platform:      darwin
[debug] [2023-09-29T18:20:36.654Z] Node Version:  v16.13.1
[debug] [2023-09-29T18:20:36.655Z] Time:          Fri Sep 29 2023 20:20:36 GMT+0200 (Central European Summer Time)
[debug] [2023-09-29T18:20:36.655Z] ----------------------------------------------------------------------
[debug] 
[debug] [2023-09-29T18:20:36.659Z] > command requires scopes: ["email","openid","https://www.googleapis.com/auth/cloudplatformprojects.readonly","https://www.googleapis.com/auth/firebase","https://www.googleapis.com/auth/cloud-platform"]
[debug] [2023-09-29T18:20:36.660Z] > authorizing via signed-in user (y.kapylova@gmail.com)
[info] 
     ######## #### ########  ######## ########     ###     ######  ########
     ##        ##  ##     ## ##       ##     ##  ##   ##  ##       ##
     ######    ##  ########  ######   ########  #########  ######  ######
     ##        ##  ##    ##  ##       ##     ## ##     ##       ## ##
     ##       #### ##     ## ######## ########  ##     ##  ######  ########

You're about to initialize a Firebase project in this directory:

  /Users/yana/Documents/react-firebase-social-media-app

[info] 
=== Project Setup
[info] 
[info] First, let's associate this project directory with a Firebase project.
[info] You can create multiple project aliases by running firebase use --add, 
[info] but for now we'll just set up a default project.
[info] 
[debug] [2023-09-29T18:21:36.019Z] >>> [apiv2][query] GET https://firebase.googleapis.com/v1beta1/projects pageSize=100
[debug] [2023-09-29T18:21:36.623Z] <<< [apiv2][status] GET https://firebase.googleapis.com/v1beta1/projects 200
[debug] [2023-09-29T18:21:36.624Z] <<< [apiv2][body] GET https://firebase.googleapis.com/v1beta1/projects [omitted]
[info] i  Using project react-social-media-app-yana (react-social-media-app) 
[info] 
=== Hosting Setup
[info] 
[info] Your public directory is the folder (relative to your project directory) that
[info] will contain Hosting assets to be uploaded with firebase deploy. If you
[info] have a build process for your assets, use your build's output directory.
[info] 
[info] ✔  Wrote public/404.html 
[debug] [2023-09-29T18:23:19.538Z] >>> [apiv2][query] GET https://www.gstatic.com/firebasejs/releases.json [none]
[debug] [2023-09-29T18:23:19.682Z] <<< [apiv2][status] GET https://www.gstatic.com/firebasejs/releases.json 200
[debug] [2023-09-29T18:23:19.682Z] <<< [apiv2][body] GET https://www.gstatic.com/firebasejs/releases.json {"current":{"version":"10.4.0","browserURL":"https://www.gstatic.com/firebasejs/10.4.0/firebase.js","packageURL":"https://www.gstatic.com/firebasejs/10.4.0/firebase.tgz"},"live":{"version":"10.4","browserURL":"https://www.gstatic.com/firebasejs/live/10.4/firebase.js","packageURL":"https://www.gstatic.com/firebasejs/live/10.4/firebase.tgz"},"components":{"analytics":"https://www.gstatic.com/firebasejs/10.4.0/firebase-analytics.js","app":"https://www.gstatic.com/firebasejs/10.4.0/firebase-app.js","app-check":"https://www.gstatic.com/firebasejs/10.4.0/firebase-app-check.js","auth":"https://www.gstatic.com/firebasejs/10.4.0/firebase-auth.js","auth/cordova":"https://www.gstatic.com/firebasejs/10.4.0/firebase-auth/cordova.js","functions":"https://www.gstatic.com/firebasejs/10.4.0/firebase-functions.js","firestore":"https://www.gstatic.com/firebasejs/10.4.0/firebase-firestore.js","firestore/lite":"https://www.gstatic.com/firebasejs/10.4.0/firebase-firestore/lite.js","installations":"https://www.gstatic.com/firebasejs/10.4.0/firebase-installations.js","storage":"https://www.gstatic.com/firebasejs/10.4.0/firebase-storage.js","performance":"https://www.gstatic.com/firebasejs/10.4.0/firebase-performance.js","remote-config":"https://www.gstatic.com/firebasejs/10.4.0/firebase-remote-config.js","messaging":"https://www.gstatic.com/firebasejs/10.4.0/firebase-messaging.js","messaging/sw":"https://www.gstatic.com/firebasejs/10.4.0/firebase-messaging/sw.js","database":"https://www.gstatic.com/firebasejs/10.4.0/firebase-database.js","firestore.memory":"https://www.gstatic.com/firebasejs/10.4.0/firebase-firestore.memory.js"}}
[info] i  Skipping write of public/index.html 
[info] 
[info] i  Detected a .git folder at /Users/yana/Documents/react-firebase-social-media-app 
[info] i  Authorizing with GitHub to upload your service account to a GitHub repository's secrets store. 
[info] 
[info] Visit this URL on this device to log in:
[info] https://github.com/login/oauth/authorize?client_id=89cf50f02ac6aaed3484&state=904927421&redirect_uri=http%3A%2F%2Flocalhost%3A9005&scope=read%3Auser%20repo%20public_repo
[info] 
[info] Waiting for authentication...
[debug] [2023-09-29T18:24:13.297Z] >>> [apiv2][query] POST https://github.com/login/oauth/access_token [none]
[debug] [2023-09-29T18:24:13.298Z] >>> [apiv2][body] POST https://github.com/login/oauth/access_token [stream]
[debug] [2023-09-29T18:24:13.574Z] <<< [apiv2][status] POST https://github.com/login/oauth/access_token 200
[debug] [2023-09-29T18:24:13.575Z] <<< [apiv2][body] POST https://github.com/login/oauth/access_token {"access_token":"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","token_type":"bearer","scope":"read:user,repo"}
[debug] [2023-09-29T18:24:13.581Z] >>> [apiv2][query] GET https://api.github.com/user [none]
[debug] [2023-09-29T18:24:13.879Z] <<< [apiv2][status] GET https://api.github.com/user 200
[debug] [2023-09-29T18:24:13.879Z] <<< [apiv2][body] GET https://api.github.com/user {"login":"ykapylova","id":119765660,"node_id":"U_kgDOByN6nA","avatar_url":"https://avatars.githubusercontent.com/u/119765660?v=4","gravatar_id":"","url":"https://api.github.com/users/ykapylova","html_url":"https://github.com/ykapylova","followers_url":"https://api.github.com/users/ykapylova/followers","following_url":"https://api.github.com/users/ykapylova/following{/other_user}","gists_url":"https://api.github.com/users/ykapylova/gists{/gist_id}","starred_url":"https://api.github.com/users/ykapylova/starred{/owner}{/repo}","subscriptions_url":"https://api.github.com/users/ykapylova/subscriptions","organizations_url":"https://api.github.com/users/ykapylova/orgs","repos_url":"https://api.github.com/users/ykapylova/repos","events_url":"https://api.github.com/users/ykapylova/events{/privacy}","received_events_url":"https://api.github.com/users/ykapylova/received_events","type":"User","site_admin":false,"name":"Yana Kapylova","company":null,"blog":"","location":"Warsaw","email":null,"hireable":null,"bio":null,"twitter_username":null,"public_repos":1,"public_gists":0,"followers":0,"following":0,"created_at":"2022-12-03T23:19:46Z","updated_at":"2023-09-01T09:03:49Z","private_gists":0,"total_private_repos":1,"owned_private_repos":1,"disk_usage":323,"collaborators":0,"two_factor_authentication":false,"plan":{"name":"free","space":976562499,"collaborators":0,"private_repos":10000}}
[info] 
[info] ✔  Success! Logged into GitHub as ykapylova 
[info] 
